<?xml version="1.0" encoding="UTF-8"?>
<!-- Generated by org.testng.reporters.JUnitReportReporter -->
<testsuite skipped="0" hostname="DIN19001737" name="com.TestPackage.TestNgBasics" tests="3" failures="0" timestamp="07 Jan 2019 17:12:22 GMT" time="0.014" errors="0">
  <testcase name="verifyURL" time="0.004" classname="com.TestPackage.TestNgBasics"/>
  <testcase name="googleTitle" time="0.008" classname="com.TestPackage.TestNgBasics"/>
  <testcase name="verifyButton" time="0.002" classname="com.TestPackage.TestNgBasics"/>
</testsuite> <!-- com.TestPackage.TestNgBasics -->
