<?xml version="1.0" encoding="UTF-8"?>
<!-- Generated by org.testng.reporters.JUnitReportReporter -->
<testsuite skipped="0" hostname="DIN19001737" name="com.TestPackage.InvocationCountTest" tests="5" failures="0" timestamp="08 Jan 2019 17:00:26 GMT" time="0.013" errors="0">
  <testcase name="sum" time="0.001" classname="com.TestPackage.InvocationCountTest"/>
  <testcase name="sum" time="0.001" classname="com.TestPackage.InvocationCountTest"/>
  <testcase name="sum" time="0.001" classname="com.TestPackage.InvocationCountTest"/>
  <testcase name="sum" time="0.009" classname="com.TestPackage.InvocationCountTest"/>
  <testcase name="sum" time="0.001" classname="com.TestPackage.InvocationCountTest"/>
</testsuite> <!-- com.TestPackage.InvocationCountTest -->
