<?xml version="1.0" encoding="UTF-8"?>
<!-- Generated by org.testng.reporters.JUnitReportReporter -->
<testsuite skipped="0" hostname="DIN19001737" name="com.TestPackage.ExceptionTimeOutTest" tests="1" failures="0" timestamp="08 Jan 2019 17:20:41 GMT" time="0.010" errors="0">
  <testcase name="test1" time="0.010" classname="com.TestPackage.ExceptionTimeOutTest"/>
</testsuite> <!-- com.TestPackage.ExceptionTimeOutTest -->
