<?xml version="1.0" encoding="UTF-8"?>
<!-- Generated by org.testng.reporters.JUnitReportReporter -->
<testsuite skipped="0" hostname="DIN19001737" name="com.TestPackage.GoogleTitleTest" tests="2" failures="0" timestamp="09 Jan 2019 16:59:01 GMT" time="26.479" errors="0">
  <testcase name="gmailLink" time="12.443" classname="com.TestPackage.GoogleTitleTest"/>
  <testcase name="pageTitle" time="14.036" classname="com.TestPackage.GoogleTitleTest"/>
</testsuite> <!-- com.TestPackage.GoogleTitleTest -->
