<?xml version="1.0" encoding="UTF-8"?>
<!-- Generated by org.testng.reporters.JUnitReportReporter -->
<testsuite skipped="0" hostname="DIN19001737" name="set.PageScrollUp" tests="1" failures="0" timestamp="23 Jan 2019 14:07:46 GMT" time="30.171" errors="0">
  <testcase name="ScrollUp" time="30.171" classname="set.PageScrollUp"/>
</testsuite> <!-- set.PageScrollUp -->
